\BOOKMARK [1][-]{Rfn.auc.1}{auc}{}% 1
\BOOKMARK [1][-]{Rfn.baseline.Rul.gene.Rul.counts.1}{baseline\137gene\137counts}{}% 2
\BOOKMARK [1][-]{Rfn.bioplanet.Rul.builder.1}{bioplanet\137builder}{}% 3
\BOOKMARK [1][-]{Rfn.buildFCMAT1.fromDB.1}{buildFCMAT1.fromDB}{}% 4
\BOOKMARK [1][-]{Rfn.buildFCMAT2.fromDB.1}{buildFCMAT2.fromDB}{}% 5
\BOOKMARK [1][-]{Rfn.buildFCMAT2.fromDB.refchems.1}{buildFCMAT2.fromDB.refchems}{}% 6
\BOOKMARK [1][-]{Rfn.buildSampleMap.1}{buildSampleMap}{}% 7
\BOOKMARK [1][-]{Rfn.buildStudyChemicalMap.1}{buildStudyChemicalMap}{}% 8
\BOOKMARK [1][-]{Rfn.calcDEG.1}{calcDEG}{}% 9
\BOOKMARK [1][-]{Rfn.concatDESeq2Files.1}{concatDESeq2Files}{}% 10
\BOOKMARK [1][-]{Rfn.cutoffCalc.1}{cutoffCalc}{}% 11
\BOOKMARK [1][-]{Rfn.cutoffCalc.inner.emperical.1}{cutoffCalc.inner.emperical}{}% 12
\BOOKMARK [1][-]{Rfn.cutoffCalc.inner.fc.1}{cutoffCalc.inner.fc}{}% 13
\BOOKMARK [1][-]{Rfn.cutoffCalcEmpirical.1}{cutoffCalcEmpirical}{}% 14
\BOOKMARK [1][-]{Rfn.cutoffPlot.1}{cutoffPlot}{}% 15
\BOOKMARK [1][-]{Rfn.driver.1}{driver}{}% 16
\BOOKMARK [1][-]{Rfn.exportDSSToxSample.1}{exportDSSToxSample}{}% 17
\BOOKMARK [1][-]{Rfn.exportSignatureCutoffs.1}{exportSignatureCutoffs}{}% 18
\BOOKMARK [1][-]{Rfn.export.Rul.mongo.Rul.httr.Rul.well.1}{export\137mongo\137httr\137well}{}% 19
\BOOKMARK [1][-]{Rfn.fixSuperTarget.1}{fixSuperTarget}{}% 20
\BOOKMARK [1][-]{Rfn.geneBaseMeanDist.1}{geneBaseMeanDist}{}% 21
\BOOKMARK [1][-]{Rfn.geneConcResp.1}{geneConcResp}{}% 22
\BOOKMARK [1][-]{Rfn.geneConcRespPlot.1}{geneConcRespPlot}{}% 23
\BOOKMARK [1][-]{Rfn.geneConcRespPlotWrapper.1}{geneConcRespPlotWrapper}{}% 24
\BOOKMARK [1][-]{Rfn.geneSlice.1}{geneSlice}{}% 25
\BOOKMARK [1][-]{Rfn.GSEA.1}{GSEA}{}% 26
\BOOKMARK [1][-]{Rfn.hello.1}{hello}{}% 27
\BOOKMARK [1][-]{Rfn.mergePFASFCMAT1.1}{mergePFASFCMAT1}{}% 28
\BOOKMARK [1][-]{Rfn.pg.Rul.id.to.sample.Rul.id.1}{pg\137id.to.sample\137id}{}% 29
\BOOKMARK [1][-]{Rfn.plotouter.1}{plotouter}{}% 30
\BOOKMARK [1][-]{Rfn.plotouterGene.1}{plotouterGene}{}% 31
\BOOKMARK [1][-]{Rfn.podLaneplot.1}{podLaneplot}{}% 32
\BOOKMARK [1][-]{Rfn.printCurrentFunction.1}{printCurrentFunction}{}% 33
\BOOKMARK [1][-]{Rfn.R2.1}{R2}{}% 34
\BOOKMARK [1][-]{Rfn.randomdata.1}{randomdata}{}% 35
\BOOKMARK [1][-]{Rfn.RMSE.1}{RMSE}{}% 36
\BOOKMARK [1][-]{Rfn.runAllSignatureCR.1}{runAllSignatureCR}{}% 37
\BOOKMARK [1][-]{Rfn.signatureCatalogLoader.1}{signatureCatalogLoader}{}% 38
\BOOKMARK [1][-]{Rfn.signatureConcRepFilter.1}{signatureConcRepFilter}{}% 39
\BOOKMARK [1][-]{Rfn.signatureConcResp.1}{signatureConcResp}{}% 40
\BOOKMARK [1][-]{Rfn.signatureConcRespFilter.1}{signatureConcRespFilter}{}% 41
\BOOKMARK [1][-]{Rfn.signatureConcRespPlot.1}{signatureConcRespPlot}{}% 42
\BOOKMARK [1][-]{Rfn.signatureConcRespPlotWrapper.1}{signatureConcRespPlotWrapper}{}% 43
\BOOKMARK [1][-]{Rfn.signatureConcRespToZ.1}{signatureConcRespToZ}{}% 44
\BOOKMARK [1][-]{Rfn.signatureDirectionPlot.1}{signatureDirectionPlot}{}% 45
\BOOKMARK [1][-]{Rfn.signatureFinder.1}{signatureFinder}{}% 46
\BOOKMARK [1][-]{Rfn.signaturePOD.1}{signaturePOD}{}% 47
\BOOKMARK [1][-]{Rfn.signaturePOD.BMRcompare.1}{signaturePOD.BMRcompare}{}% 48
\BOOKMARK [1][-]{Rfn.signaturePODsummary.1}{signaturePODsummary}{}% 49
\BOOKMARK [1][-]{Rfn.signatureScore.1}{signatureScore}{}% 50
\BOOKMARK [1][-]{Rfn.signatureScoreCoreFC.1}{signatureScoreCoreFC}{}% 51
\BOOKMARK [1][-]{Rfn.signatureScoreCoreGSEA.1}{signatureScoreCoreGSEA}{}% 52
\BOOKMARK [1][-]{Rfn.signatureScoreCoreGSVA.1}{signatureScoreCoreGSVA}{}% 53
\BOOKMARK [1][-]{Rfn.signatureScoreMerge.1}{signatureScoreMerge}{}% 54
\BOOKMARK [1][-]{Rfn.signatureSlice.1}{signatureSlice}{}% 55
\BOOKMARK [1][-]{Rfn.superTargetBoxplot.1}{superTargetBoxplot}{}% 56
\BOOKMARK [1][-]{Rfn.superTargetPODplot.1}{superTargetPODplot}{}% 57
\BOOKMARK [1][-]{Rfn.superTargetStats.1}{superTargetStats}{}% 58
\BOOKMARK [1][-]{Rfn.TxT.1}{TxT}{}% 59
\BOOKMARK [1][-]{Rfn.WRMSE.1}{WRMSE}{}% 60
\BOOKMARK [0][-]{index.0}{Index}{}% 61
